#
# There is insufficient memory for the Java Runtime Environment to continue.
# Native memory allocation (mmap) failed to map 268435456 bytes for Failed to commit area from 0x0000000701c00000 to 0x0000000711c00000 of length 268435456.
# Possible reasons:
#   The system is out of physical RAM or swap space
#   The process is running with CompressedOops enabled, and the Java Heap may be blocking the growth of the native heap
# Possible solutions:
#   Reduce memory load on the system
#   Increase physical memory or swap space
#   Check if swap backing store is full
#   Decrease Java heap size (-Xmx/-Xms)
#   Decrease number of Java threads
#   Decrease Java thread stack sizes (-Xss)
#   Set larger code cache with -XX:ReservedCodeCacheSize=
# This output file may be truncated or incomplete.
#
#  Out of Memory Error (./src/hotspot/os/windows/os_windows.cpp:3521), pid=2348, tid=5740
#
# JRE version:  (11.0.12+7) (build )
# Java VM: OpenJDK 64-Bit Server VM (11.0.12+7-b1504.40, mixed mode, sharing, tiered, compressed oops, g1 gc, windows-amd64)
# No core dump will be written. Minidumps are not enabled by default on client versions of Windows
#

---------------  S U M M A R Y ------------

Command Line: git4idea.http.GitAskPassApp Username for 'https://github.com': 

Host: Intel(R) Core(TM) i7-6700HQ CPU @ 2.60GHz, 8 cores, 15G,  Windows 10 , 64 bit Build 19041 (10.0.19041.1348)
Time: Sat Jan  8 22:05:24 2022 Turkey Standard Time elapsed time: 0.037267 seconds (0d 0h 0m 0s)

---------------  T H R E A D  ---------------

Current thread (0x0000025281fbb800):  JavaThread "Unknown thread" [_thread_in_vm, id=5740, stack(0x000000d50c700000,0x000000d50c800000)]

Stack: [0x000000d50c700000,0x000000d50c800000]
Native frames: (J=compiled Java code, j=interpreted, Vv=VM code, C=native code)
V  [jvm.dll+0x5ff40a]
V  [jvm.dll+0x783b65]
V  [jvm.dll+0x78517d]
V  [jvm.dll+0x785833]
V  [jvm.dll+0x249408]
V  [jvm.dll+0x5fc7f4]
V  [jvm.dll+0x5f13c5]
V  [jvm.dll+0x3076bb]
V  [jvm.dll+0x30762a]
V  [jvm.dll+0x307502]
V  [jvm.dll+0x30c466]
V  [jvm.dll+0x355543]
V  [jvm.dll+0x355c46]
V  [jvm.dll+0x355643]
V  [jvm.dll+0x2e2018]
V  [jvm.dll+0x2e31c7]
V  [jvm.dll+0x761f57]
V  [jvm.dll+0x76374c]
V  [jvm.dll+0x362ab9]
V  [jvm.dll+0x7455be]
V  [jvm.dll+0x3cb673]
V  [jvm.dll+0x3cda21]
C  [jli.dll+0x536b]
C  [ucrtbase.dll+0x21bb2]
C  [KERNEL32.DLL+0x17034]
C  [ntdll.dll+0x52651]


---------------  P R O C E S S  ---------------

Threads class SMR info:
_java_thread_list=0x00000252ffe914f0, length=0, elements={
}

Java Threads: ( => current thread )

Other Threads:
  0x0000025281fd2000 GCTaskThread "GC Thread#0" [stack: 0x000000d50c800000,0x000000d50c900000] [id=11100]
  0x0000025282032000 ConcurrentGCThread "G1 Main Marker" [stack: 0x000000d50c900000,0x000000d50ca00000] [id=16412]
  0x0000025282033800 ConcurrentGCThread "G1 Conc#0" [stack: 0x000000d50ca00000,0x000000d50cb00000] [id=17036]

[error occurred during error reporting (printing all threads), id 0xc0000005, EXCEPTION_ACCESS_VIOLATION (0xc0000005) at pc=0x00007ffbd8f427a7]

VM state:not at safepoint (not fully initialized)

VM Mutex/Monitor currently owned by a thread:  ([mutex/lock_event])
[0x0000025281fb7410] Heap_lock - owner thread: 0x0000025281fbb800

Heap address: 0x0000000701c00000, size: 4068 MB, Compressed Oops mode: Non-zero based: 0x0000000701c00000
Narrow klass base: 0x0000000000000000, Narrow klass shift: 0

GC Heap History (0 events):
No events

Deoptimization events (0 events):
No events

Classes redefined (0 events):
No events

Internal exceptions (0 events):
No events

Events (1 events):
Event: 0.007 Loaded shared library E:\IntelliJ IDEA Community Edition 2021.2.3\jbr\bin\zip.dll


Dynamic libraries:
0x00007ff63ed90000 - 0x00007ff63ed9a000 	E:\IntelliJ IDEA Community Edition 2021.2.3\jbr\bin\java.exe
0x00007ffc3cf10000 - 0x00007ffc3d105000 	C:\Windows\SYSTEM32\ntdll.dll
0x00007ffc3bfc0000 - 0x00007ffc3c07e000 	C:\Windows\System32\KERNEL32.DLL
0x00007ffc3a840000 - 0x00007ffc3ab08000 	C:\Windows\System32\KERNELBASE.dll
0x00007ffc3a6a0000 - 0x00007ffc3a7a0000 	C:\Windows\System32\ucrtbase.dll
0x00007ffc25df0000 - 0x00007ffc25e07000 	E:\IntelliJ IDEA Community Edition 2021.2.3\jbr\bin\VCRUNTIME140.dll
0x00007ffc27620000 - 0x00007ffc27639000 	E:\IntelliJ IDEA Community Edition 2021.2.3\jbr\bin\jli.dll
0x00007ffc3b050000 - 0x00007ffc3b1f1000 	C:\Windows\System32\USER32.dll
0x00007ffc0fef0000 - 0x00007ffc1018a000 	C:\Windows\WinSxS\amd64_microsoft.windows.common-controls_6595b64144ccf1df_6.0.19041.1110_none_60b5254171f9507e\COMCTL32.dll
0x00007ffc3a620000 - 0x00007ffc3a642000 	C:\Windows\System32\win32u.dll
0x00007ffc3afb0000 - 0x00007ffc3b04e000 	C:\Windows\System32\msvcrt.dll
0x00007ffc3cd70000 - 0x00007ffc3cd9b000 	C:\Windows\System32\GDI32.dll
0x00007ffc3ae10000 - 0x00007ffc3af1d000 	C:\Windows\System32\gdi32full.dll
0x00007ffc3a7a0000 - 0x00007ffc3a83d000 	C:\Windows\System32\msvcp_win.dll
0x00007ffc3b200000 - 0x00007ffc3b230000 	C:\Windows\System32\IMM32.DLL
0x00007ffc01650000 - 0x00007ffc016ed000 	E:\IntelliJ IDEA Community Edition 2021.2.3\jbr\bin\msvcp140.dll
0x00007ffbd8c50000 - 0x00007ffbd97a8000 	E:\IntelliJ IDEA Community Edition 2021.2.3\jbr\bin\server\jvm.dll
0x00007ffc3b230000 - 0x00007ffc3b2dc000 	C:\Windows\System32\ADVAPI32.dll
0x00007ffc3bcc0000 - 0x00007ffc3bd5b000 	C:\Windows\System32\sechost.dll
0x00007ffc3cda0000 - 0x00007ffc3ceca000 	C:\Windows\System32\RPCRT4.dll
0x00007ffc3bdd0000 - 0x00007ffc3bdd8000 	C:\Windows\System32\PSAPI.DLL
0x00007ffc35210000 - 0x00007ffc35219000 	C:\Windows\SYSTEM32\WSOCK32.dll
0x00007ffc1e080000 - 0x00007ffc1e0a7000 	C:\Windows\SYSTEM32\WINMM.dll
0x00007ffc31630000 - 0x00007ffc3163a000 	C:\Windows\SYSTEM32\VERSION.dll
0x00007ffc3ba30000 - 0x00007ffc3ba9b000 	C:\Windows\System32\WS2_32.dll
0x00007ffc38ef0000 - 0x00007ffc38f02000 	C:\Windows\SYSTEM32\kernel.appcore.dll
0x00007ffc2a690000 - 0x00007ffc2a6a1000 	E:\IntelliJ IDEA Community Edition 2021.2.3\jbr\bin\verify.dll
0x00007ffc2a440000 - 0x00007ffc2a624000 	C:\Windows\SYSTEM32\DBGHELP.DLL
0x00007ffc2a410000 - 0x00007ffc2a43c000 	C:\Windows\SYSTEM32\dbgcore.DLL
0x00007ffc3ab10000 - 0x00007ffc3ab92000 	C:\Windows\System32\bcryptPrimitives.dll
0x00007ffc28f70000 - 0x00007ffc28f99000 	E:\IntelliJ IDEA Community Edition 2021.2.3\jbr\bin\java.dll
0x00007ffc2ce30000 - 0x00007ffc2ce3b000 	E:\IntelliJ IDEA Community Edition 2021.2.3\jbr\bin\jimage.dll
0x00007ffc2a670000 - 0x00007ffc2a688000 	E:\IntelliJ IDEA Community Edition 2021.2.3\jbr\bin\zip.dll

dbghelp: loaded successfully - version: 4.0.5 - missing functions: none
symbol engine: initialized successfully - sym options: 0x614 - pdb path: .;E:\IntelliJ IDEA Community Edition 2021.2.3\jbr\bin;C:\Windows\SYSTEM32;C:\Windows\WinSxS\amd64_microsoft.windows.common-controls_6595b64144ccf1df_6.0.19041.1110_none_60b5254171f9507e;E:\IntelliJ IDEA Community Edition 2021.2.3\jbr\bin\server

VM Arguments:
java_command: git4idea.http.GitAskPassApp Username for 'https://github.com': 
java_class_path (initial): E:/IntelliJ IDEA Community Edition 2021.2.3/plugins/git4idea/lib/git4idea-rt.jar;E:/IntelliJ IDEA Community Edition 2021.2.3/lib/3rd-party.jar
Launcher Type: SUN_STANDARD

[Global flags]
     intx CICompilerCount                          = 4                                         {product} {ergonomic}
     uint ConcGCThreads                            = 2                                         {product} {ergonomic}
     uint G1ConcRefinementThreads                  = 8                                         {product} {ergonomic}
   size_t G1HeapRegionSize                         = 1048576                                   {product} {ergonomic}
    uintx GCDrainStackTargetSize                   = 64                                        {product} {ergonomic}
   size_t InitialHeapSize                          = 268435456                                 {product} {ergonomic}
   size_t MarkStackSize                            = 4194304                                   {product} {ergonomic}
   size_t MaxHeapSize                              = 4265607168                                {product} {ergonomic}
   size_t MinHeapDeltaBytes                        = 1048576                                   {product} {ergonomic}
    uintx NonNMethodCodeHeapSize                   = 5836300                                {pd product} {ergonomic}
    uintx NonProfiledCodeHeapSize                  = 122910970                              {pd product} {ergonomic}
    uintx ProfiledCodeHeapSize                     = 122910970                              {pd product} {ergonomic}
    uintx ReservedCodeCacheSize                    = 251658240                              {pd product} {ergonomic}
     bool SegmentedCodeCache                       = true                                      {product} {ergonomic}
     bool UseCompressedClassPointers               = true                                 {lp64_product} {ergonomic}
     bool UseCompressedOops                        = true                                 {lp64_product} {ergonomic}
     bool UseG1GC                                  = true                                      {product} {ergonomic}
     bool UseLargePagesIndividualAllocation        = false                                  {pd product} {ergonomic}

Logging:
Log output configuration:
 #0: stdout all=warning uptime,level,tags
 #1: stderr all=off uptime,level,tags

Environment Variables:
PATH=C:\Program Files\Git\mingw64\libexec\git-core;C:\Program Files\Git\mingw64\libexec\git-core;C:\Program Files\Git\mingw64\bin;C:\Program Files\Git\usr\bin;C:\Users\akgan\bin;C:\Windows\system32;C:\Windows;C:\Windows\System32\Wbem;C:\Windows\System32\WindowsPowerShell\v1.0;C:\Windows\System32\OpenSSH;C:\Program Files (x86)\NVIDIA Corporation\PhysX\Common;C:\Program Files\NVIDIA Corporation\NVIDIA NvDLISR;C:\Program Files (x86)\Microsoft SQL Server\150\DTS\Binn;C:\Program Files\Microsoft SQL Server\Client SDK\ODBC\170\Tools\Binn;C:\Program Files (x86)\Microsoft SQL Server\150\Tools\Binn;C:\Program Files\Microsoft SQL Server\150\Tools\Binn;C:\Program Files\Microsoft SQL Server\150\DTS\Binn;C:\Program Files\dotnet;C:\Program Files\Git\cmd;C:\Program Files\MySQL\MySQL Shell 8.0\bin;C:\Users\akgan\AppData\Local\Microsoft\WindowsApps;C:\Program Files\Azure Data Studio\bin;C:\Users\akgan\.dotnet\tools
USERNAME=akgan
DISPLAY=:0.0
LC_ALL=en_US.UTF-8
OS=Windows_NT
PROCESSOR_IDENTIFIER=Intel64 Family 6 Model 94 Stepping 3, GenuineIntel



---------------  S Y S T E M  ---------------

OS: Windows 10 , 64 bit Build 19041 (10.0.19041.1348)
OS uptime: 1 days 7:37 hours

CPU:total 8 (initial active 8) (4 cores per cpu, 2 threads per core) family 6 model 94 stepping 3 microcode 0xcc, cmov, cx8, fxsr, mmx, sse, sse2, sse3, ssse3, sse4.1, sse4.2, popcnt, avx, avx2, aes, clmul, erms, rtm, 3dnowpref, lzcnt, ht, tsc, tscinvbit, bmi1, bmi2, adx, fma

Memory: 4k page, system-wide physical 16270M (2761M free)
TotalPageFile size 22215M (AvailPageFile size 211M)
current process WorkingSet (physical memory assigned to process): 10M, peak: 10M
current process commit charge ("private bytes"): 60M, peak: 316M

vm_info: OpenJDK 64-Bit Server VM (11.0.12+7-b1504.40) for windows-amd64 JRE (11.0.12+7-b1504.40), built on Sep 23 2021 14:38:03 by "" with MS VC++ 14.0 (VS2015)

END.
