#
# There is insufficient memory for the Java Runtime Environment to continue.
# Native memory allocation (mmap) failed to map 268435456 bytes for G1 virtual space
# Possible reasons:
#   The system is out of physical RAM or swap space
#   The process is running with CompressedOops enabled, and the Java Heap may be blocking the growth of the native heap
# Possible solutions:
#   Reduce memory load on the system
#   Increase physical memory or swap space
#   Check if swap backing store is full
#   Decrease Java heap size (-Xmx/-Xms)
#   Decrease number of Java threads
#   Decrease Java thread stack sizes (-Xss)
#   Set larger code cache with -XX:ReservedCodeCacheSize=
#   JVM is running with Zero Based Compressed Oops mode in which the Java heap is
#     placed in the first 32GB address space. The Java Heap base address is the
#     maximum limit for the native heap growth. Please use -XX:HeapBaseMinAddress
#     to set the Java Heap base and to place the Java Heap above 32GB virtual address.
# This output file may be truncated or incomplete.
#
#  Out of Memory Error (os_windows.cpp:3469), pid=12968, tid=13968
#
# JRE version:  (17.0.1+12) (build )
# Java VM: OpenJDK 64-Bit Server VM (17.0.1+12-LTS, mixed mode, sharing, tiered, compressed oops, compressed class ptrs, g1 gc, windows-amd64)
# No core dump will be written. Minidumps are not enabled by default on client versions of Windows
#

---------------  S U M M A R Y ------------

Command Line: -javaagent:E:\IntelliJ IDEA Community Edition 2021.2.3\lib\idea_rt.jar=62043:E:\IntelliJ IDEA Community Edition 2021.2.3\bin -Dfile.encoding=UTF-8 com.kivanc.spring.SpringSecurityWebApp

Host: Intel(R) Core(TM) i7-6700HQ CPU @ 2.60GHz, 8 cores, 15G,  Windows 10 , 64 bit Build 19041 (10.0.19041.1348)
Time: Sat Jan  8 21:56:12 2022 Turkey Standard Time elapsed time: 0.037418 seconds (0d 0h 0m 0s)

---------------  T H R E A D  ---------------

Current thread (0x0000020de65a4600):  JavaThread "Unknown thread" [_thread_in_vm, id=13968, stack(0x0000002e09b00000,0x0000002e09c00000)]

Stack: [0x0000002e09b00000,0x0000002e09c00000]
Native frames: (J=compiled Java code, j=interpreted, Vv=VM code, C=native code)
V  [jvm.dll+0x64440a]
V  [jvm.dll+0x7f4824]
V  [jvm.dll+0x7f5fde]
V  [jvm.dll+0x7f6633]
V  [jvm.dll+0x2347e8]
V  [jvm.dll+0x64143a]
V  [jvm.dll+0x635f92]
V  [jvm.dll+0x2f2579]
V  [jvm.dll+0x2f9746]
V  [jvm.dll+0x3452da]
V  [jvm.dll+0x34551f]
V  [jvm.dll+0x2c8a98]
V  [jvm.dll+0x2c9a29]
V  [jvm.dll+0x7c7fc1]
V  [jvm.dll+0x3526e1]
V  [jvm.dll+0x7a83ee]
V  [jvm.dll+0x3cdf93]
V  [jvm.dll+0x3cf9d1]
C  [jli.dll+0x51af]
C  [ucrtbase.dll+0x21bb2]
C  [KERNEL32.DLL+0x17034]
C  [ntdll.dll+0x52651]


---------------  P R O C E S S  ---------------

Threads class SMR info:
_java_thread_list=0x00007ffbc372b6d8, length=0, elements={
}

Java Threads: ( => current thread )

Other Threads:
  0x0000020de65f4f50 GCTaskThread "GC Thread#0" [stack: 0x0000002e09c00000,0x0000002e09d00000] [id=13956]
  0x0000020de6606ce0 ConcurrentGCThread "G1 Main Marker" [stack: 0x0000002e09d00000,0x0000002e09e00000] [id=15988]
  0x0000020de66076f0 ConcurrentGCThread "G1 Conc#0" [stack: 0x0000002e09e00000,0x0000002e09f00000] [id=8696]

[error occurred during error reporting (printing all threads), id 0xc0000005, EXCEPTION_ACCESS_VIOLATION (0xc0000005) at pc=0x00007ffbc2f19c77]

VM state: not at safepoint (not fully initialized)

VM Mutex/Monitor currently owned by a thread:  ([mutex/lock_event])
[0x0000020de659ee00] Heap_lock - owner thread: 0x0000020de65a4600

Heap address: 0x0000000701c00000, size: 4068 MB, Compressed Oops mode: Zero based, Oop shift amount: 3

CDS archive(s) mapped at: [0x0000000000000000-0x0000000000000000-0x0000000000000000), size 0, SharedBaseAddress: 0x0000000800000000, ArchiveRelocationMode: 0.
Narrow klass base: 0x0000000000000000, Narrow klass shift: 0, Narrow klass range: 0x0

GC Precious Log:
<Empty>

Heap:
 garbage-first heap   total 0K, used 0K [0x0000000701c00000, 0x0000000800000000)
  region size 2048K, 0 young (0K), 0 survivors (0K)

[error occurred during error reporting (printing heap information), id 0xc0000005, EXCEPTION_ACCESS_VIOLATION (0xc0000005) at pc=0x00007ffbc32dbd79]

GC Heap History (0 events):
No events

Deoptimization events (0 events):
No events

Classes unloaded (0 events):
No events

Classes redefined (0 events):
No events

Internal exceptions (0 events):
No events

VM Operations (0 events):
No events

Events (1 events):
Event: 0.010 Loaded shared library C:\Users\akgan\.jdks\corretto-17.0.1\bin\java.dll


Dynamic libraries:
0x00007ff77da80000 - 0x00007ff77da8d000 	C:\Users\akgan\.jdks\corretto-17.0.1\bin\java.exe
0x00007ffc3cf10000 - 0x00007ffc3d105000 	C:\Windows\SYSTEM32\ntdll.dll
0x00007ffc3bfc0000 - 0x00007ffc3c07e000 	C:\Windows\System32\KERNEL32.DLL
0x00007ffc3a840000 - 0x00007ffc3ab08000 	C:\Windows\System32\KERNELBASE.dll
0x00007ffc3a6a0000 - 0x00007ffc3a7a0000 	C:\Windows\System32\ucrtbase.dll
0x00007ffc2a650000 - 0x00007ffc2a665000 	C:\Users\akgan\.jdks\corretto-17.0.1\bin\VCRUNTIME140.dll
0x00007ffc36000000 - 0x00007ffc36018000 	C:\Users\akgan\.jdks\corretto-17.0.1\bin\jli.dll
0x00007ffc3b050000 - 0x00007ffc3b1f1000 	C:\Windows\System32\USER32.dll
0x00007ffc0fef0000 - 0x00007ffc1018a000 	C:\Windows\WinSxS\amd64_microsoft.windows.common-controls_6595b64144ccf1df_6.0.19041.1110_none_60b5254171f9507e\COMCTL32.dll
0x00007ffc3a620000 - 0x00007ffc3a642000 	C:\Windows\System32\win32u.dll
0x00007ffc3cd70000 - 0x00007ffc3cd9b000 	C:\Windows\System32\GDI32.dll
0x00007ffc3afb0000 - 0x00007ffc3b04e000 	C:\Windows\System32\msvcrt.dll
0x00007ffc3ae10000 - 0x00007ffc3af1d000 	C:\Windows\System32\gdi32full.dll
0x00007ffc3a7a0000 - 0x00007ffc3a83d000 	C:\Windows\System32\msvcp_win.dll
0x00007ffc3b200000 - 0x00007ffc3b230000 	C:\Windows\System32\IMM32.DLL
0x00007ffc247f0000 - 0x00007ffc2488b000 	C:\Users\akgan\.jdks\corretto-17.0.1\bin\msvcp140.dll
0x00007ffbc2c40000 - 0x00007ffbc3859000 	C:\Users\akgan\.jdks\corretto-17.0.1\bin\server\jvm.dll
0x00007ffc3b230000 - 0x00007ffc3b2dc000 	C:\Windows\System32\ADVAPI32.dll
0x00007ffc3bcc0000 - 0x00007ffc3bd5b000 	C:\Windows\System32\sechost.dll
0x00007ffc3cda0000 - 0x00007ffc3ceca000 	C:\Windows\System32\RPCRT4.dll
0x00007ffc3bdd0000 - 0x00007ffc3bdd8000 	C:\Windows\System32\PSAPI.DLL
0x00007ffc35210000 - 0x00007ffc35219000 	C:\Windows\SYSTEM32\WSOCK32.dll
0x00007ffc3ba30000 - 0x00007ffc3ba9b000 	C:\Windows\System32\WS2_32.dll
0x00007ffc1e080000 - 0x00007ffc1e0a7000 	C:\Windows\SYSTEM32\WINMM.dll
0x00007ffc31630000 - 0x00007ffc3163a000 	C:\Windows\SYSTEM32\VERSION.dll
0x00007ffc38ef0000 - 0x00007ffc38f02000 	C:\Windows\SYSTEM32\kernel.appcore.dll
0x00007ffc35f40000 - 0x00007ffc35f4a000 	C:\Users\akgan\.jdks\corretto-17.0.1\bin\jimage.dll
0x00007ffc2a440000 - 0x00007ffc2a624000 	C:\Windows\SYSTEM32\DBGHELP.DLL
0x00007ffc2a410000 - 0x00007ffc2a43c000 	C:\Windows\SYSTEM32\dbgcore.DLL
0x00007ffc3ab10000 - 0x00007ffc3ab92000 	C:\Windows\System32\bcryptPrimitives.dll
0x00007ffc290c0000 - 0x00007ffc290ce000 	C:\Users\akgan\.jdks\corretto-17.0.1\bin\instrument.dll
0x00007ffc29250000 - 0x00007ffc29275000 	C:\Users\akgan\.jdks\corretto-17.0.1\bin\java.dll

dbghelp: loaded successfully - version: 4.0.5 - missing functions: none
symbol engine: initialized successfully - sym options: 0x614 - pdb path: .;C:\Users\akgan\.jdks\corretto-17.0.1\bin;C:\Windows\SYSTEM32;C:\Windows\WinSxS\amd64_microsoft.windows.common-controls_6595b64144ccf1df_6.0.19041.1110_none_60b5254171f9507e;C:\Users\akgan\.jdks\corretto-17.0.1\bin\server

VM Arguments:
jvm_args: -javaagent:E:\IntelliJ IDEA Community Edition 2021.2.3\lib\idea_rt.jar=62043:E:\IntelliJ IDEA Community Edition 2021.2.3\bin -Dfile.encoding=UTF-8 
java_command: com.kivanc.spring.SpringSecurityWebApp
java_class_path (initial): E:\New-Java-Folder\JavaSpringWebSite\target\classes;C:\Users\akgan\.m2\repository\org\springframework\boot\spring-boot-starter-data-jpa\2.2.6.RELEASE\spring-boot-starter-data-jpa-2.2.6.RELEASE.jar;C:\Users\akgan\.m2\repository\org\springframework\boot\spring-boot-starter-aop\2.2.6.RELEASE\spring-boot-starter-aop-2.2.6.RELEASE.jar;C:\Users\akgan\.m2\repository\org\aspectj\aspectjweaver\1.9.5\aspectjweaver-1.9.5.jar;C:\Users\akgan\.m2\repository\org\springframework\boot\spring-boot-starter-jdbc\2.2.6.RELEASE\spring-boot-starter-jdbc-2.2.6.RELEASE.jar;C:\Users\akgan\.m2\repository\com\zaxxer\HikariCP\3.4.2\HikariCP-3.4.2.jar;C:\Users\akgan\.m2\repository\org\springframework\spring-jdbc\5.2.5.RELEASE\spring-jdbc-5.2.5.RELEASE.jar;C:\Users\akgan\.m2\repository\jakarta\activation\jakarta.activation-api\1.2.2\jakarta.activation-api-1.2.2.jar;C:\Users\akgan\.m2\repository\jakarta\persistence\jakarta.persistence-api\2.2.3\jakarta.persistence-api-2.2.3.jar;C:\Users\akgan\.m2\repository\jakarta\transaction\jakarta.transaction-api\1.3.3\jakarta.transaction-api-1.3.3.jar;C:\Users\akgan\.m2\repository\org\hibernate\hibernate-core\5.4.12.Final\hibernate-core-5.4.12.Final.jar;C:\Users\akgan\.m2\repository\org\jboss\logging\jboss-logging\3.4.1.Final\jboss-logging-3.4.1.Final.jar;C:\Users\akgan\.m2\repository\org\javassist\javassist\3.24.0-GA\javassist-3.24.0-GA.jar;C:\Users\akgan\.m2\repository\net\bytebuddy\byte-buddy\1.10.8\byte-buddy-1.10.8.jar;C:\Users\akgan\.m2\repository\antlr\antlr\2.7.7\antlr-2.7.7.jar;C:\Users\akgan\.m2\repository\org\jboss\jandex\2.1.1.Final\jandex-2.1.1.Final.jar;C:\Users\akgan\.m2\repository\com\fasterxml\classmate\1.5.1\classmate-1.5.1.jar;C:\Users\akgan\.m2\repository\org\dom4j\dom4j\2.1.1\dom4j-2.1.1.jar;C:\Users\akgan\.m2\repository\org\hibernate\common\hibernate-commons-annotations\5.1.0.Final\hibernate-commons-annotations-5.1.0.Final.jar;C:\Users\akgan\.m2\repository\org\glassfish\jaxb\jaxb-runtime\2.3.2\jaxb-runtime-2.
Launcher Type: SUN_STANDARD

[Global flags]
     intx CICompilerCount                          = 4                                         {product} {ergonomic}
     uint ConcGCThreads                            = 2                                         {product} {ergonomic}
     uint G1ConcRefinementThreads                  = 8                                         {product} {ergonomic}
   size_t G1HeapRegionSize                         = 2097152                                   {product} {ergonomic}
    uintx GCDrainStackTargetSize                   = 64                                        {product} {ergonomic}
   size_t InitialHeapSize                          = 268435456                                 {product} {ergonomic}
   size_t MarkStackSize                            = 4194304                                   {product} {ergonomic}
   size_t MaxHeapSize                              = 4265607168                                {product} {ergonomic}
   size_t MinHeapDeltaBytes                        = 2097152                                   {product} {ergonomic}
   size_t MinHeapSize                              = 8388608                                   {product} {ergonomic}
    uintx NonNMethodCodeHeapSize                   = 5839372                                {pd product} {ergonomic}
    uintx NonProfiledCodeHeapSize                  = 122909434                              {pd product} {ergonomic}
    uintx ProfiledCodeHeapSize                     = 122909434                              {pd product} {ergonomic}
    uintx ReservedCodeCacheSize                    = 251658240                              {pd product} {ergonomic}
     bool SegmentedCodeCache                       = true                                      {product} {ergonomic}
   size_t SoftMaxHeapSize                          = 4265607168                             {manageable} {ergonomic}
     bool UseCompressedClassPointers               = true                           {product lp64_product} {ergonomic}
     bool UseCompressedOops                        = true                           {product lp64_product} {ergonomic}
     bool UseG1GC                                  = true                                      {product} {ergonomic}
     bool UseLargePagesIndividualAllocation        = false                                  {pd product} {ergonomic}

Logging:
Log output configuration:
 #0: stdout all=warning uptime,level,tags
 #1: stderr all=off uptime,level,tags

Environment Variables:
PATH=C:\Windows\system32;C:\Windows;C:\Windows\System32\Wbem;C:\Windows\System32\WindowsPowerShell\v1.0\;C:\Windows\System32\OpenSSH\;C:\Program Files (x86)\NVIDIA Corporation\PhysX\Common;C:\Program Files\NVIDIA Corporation\NVIDIA NvDLISR;C:\Program Files (x86)\Microsoft SQL Server\150\DTS\Binn\;C:\Program Files\Microsoft SQL Server\Client SDK\ODBC\170\Tools\Binn\;C:\Program Files (x86)\Microsoft SQL Server\150\Tools\Binn\;C:\Program Files\Microsoft SQL Server\150\Tools\Binn\;C:\Program Files\Microsoft SQL Server\150\DTS\Binn\;C:\Program Files\dotnet\;C:\Program Files\Git\cmd;C:\Program Files\MySQL\MySQL Shell 8.0\bin\;C:\Users\akgan\AppData\Local\Microsoft\WindowsApps;;C:\Program Files\Azure Data Studio\bin;C:\Users\akgan\.dotnet\tools
USERNAME=akgan
OS=Windows_NT
PROCESSOR_IDENTIFIER=Intel64 Family 6 Model 94 Stepping 3, GenuineIntel



---------------  S Y S T E M  ---------------

OS:
 Windows 10 , 64 bit Build 19041 (10.0.19041.1348)
OS uptime: 1 days 7:28 hours

CPU: total 8 (initial active 8) (4 cores per cpu, 2 threads per core) family 6 model 94 stepping 3 microcode 0xcc, cx8, cmov, fxsr, ht, mmx, 3dnowpref, sse, sse2, sse3, ssse3, sse4.1, sse4.2, popcnt, lzcnt, tsc, tscinvbit, avx, avx2, aes, erms, clmul, bmi1, bmi2, rtm, adx, fma, vzeroupper, clflush, clflushopt

Memory: 4k page, system-wide physical 16270M (2819M free)
TotalPageFile size 22215M (AvailPageFile size 177M)
current process WorkingSet (physical memory assigned to process): 10M, peak: 10M
current process commit charge ("private bytes"): 60M, peak: 316M

vm_info: OpenJDK 64-Bit Server VM (17.0.1+12-LTS) for windows-amd64 JRE (17.0.1+12-LTS), built on Oct 20 2021 22:36:09 by "Administrator" with MS VC++ 15.9 (VS2017)

END.
